# JRE version: Java(TM) SE Runtime Environment (8.0_151-b12) (build 1.8.0_151-b12)
# Java VM: Java HotSpot(TM) 64-Bit Server VM (25.151-b12 mixed mode bsd-amd64 compressed oops)
Heap:
 PSYoungGen      total 24064K, used 19763K [0x00000007a5580000, 0x00000007a8480000, 0x00000007c0000000)
  eden space 20992K, 80% used [0x00000007a5580000,0x00000007a65e8f68,0x00000007a6a00000)
  from space 3072K, 96% used [0x00000007a6a00000,0x00000007a6ce4060,0x00000007a6d00000)
  to   space 3072K, 0% used [0x00000007a8180000,0x00000007a8180000,0x00000007a8480000)
 ParOldGen       total 54784K, used 24K [0x0000000770000000, 0x0000000773580000, 0x00000007a5580000)
  object space 54784K, 0% used [0x0000000770000000,0x0000000770006000,0x0000000773580000)
 Metaspace       used 13809K, capacity 14380K, committed 14592K, reserved 1062912K
  class space    used 1875K, capacity 2036K, committed 2048K, reserved 1048576K
GC Heap History (6 events):
Event: 4.011 GC heap before
{Heap before GC invocations=1 (full 0):
 PSYoungGen      total 24064K, used 20992K [0x00000007a5580000, 0x00000007a7000000, 0x00000007c0000000)
  eden space 20992K, 100% used [0x00000007a5580000,0x00000007a6a00000,0x00000007a6a00000)
  from space 3072K, 0% used [0x00000007a6d00000,0x00000007a6d00000,0x00000007a7000000)
  to   space 3072K, 0% used [0x00000007a6a00000,0x00000007a6a00000,0x00000007a6d00000)
 ParOldGen       total 54784K, used 0K [0x0000000770000000, 0x0000000773580000, 0x00000007a5580000)
  object space 54784K, 0% used [0x0000000770000000,0x0000000770000000,0x0000000773580000)
 Metaspace       used 10551K, capacity 10894K, committed 11136K, reserved 1058816K
  class space    used 1291K, capacity 1391K, committed 1408K, reserved 1048576K
Event: 4.034 GC heap after
Heap after GC invocations=1 (full 0):
 PSYoungGen      total 24064K, used 2656K [0x00000007a5580000, 0x00000007a7000000, 0x00000007c0000000)
  eden space 20992K, 0% used [0x00000007a5580000,0x00000007a5580000,0x00000007a6a00000)
  from space 3072K, 86% used [0x00000007a6a00000,0x00000007a6c98030,0x00000007a6d00000)
  to   space 3072K, 0% used [0x00000007a6d00000,0x00000007a6d00000,0x00000007a7000000)
 ParOldGen       total 54784K, used 8K [0x0000000770000000, 0x0000000773580000, 0x00000007a5580000)
  object space 54784K, 0% used [0x0000000770000000,0x0000000770002000,0x0000000773580000)
 Metaspace       used 10551K, capacity 10894K, committed 11136K, reserved 1058816K
  class space    used 1291K, capacity 1391K, committed 1408K, reserved 1048576K
}
Event: 8.355 GC heap before
{Heap before GC invocations=2 (full 0):
 PSYoungGen      total 24064K, used 23648K [0x00000007a5580000, 0x00000007a7000000, 0x00000007c0000000)
  eden space 20992K, 100% used [0x00000007a5580000,0x00000007a6a00000,0x00000007a6a00000)
  from space 3072K, 86% used [0x00000007a6a00000,0x00000007a6c98030,0x00000007a6d00000)
  to   space 3072K, 0% used [0x00000007a6d00000,0x00000007a6d00000,0x00000007a7000000)
 ParOldGen       total 54784K, used 8K [0x0000000770000000, 0x0000000773580000, 0x00000007a5580000)
  object space 54784K, 0% used [0x0000000770000000,0x0000000770002000,0x0000000773580000)
 Metaspace       used 13231K, capacity 13682K, committed 13824K, reserved 1060864K
  class space    used 1802K, capacity 1925K, committed 2048K, reserved 1048576K
Event: 8.415 GC heap after
Heap after GC invocations=2 (full 0):
 PSYoungGen      total 24064K, used 2960K [0x00000007a5580000, 0x00000007a7000000, 0x00000007c0000000)
  eden space 20992K, 0% used [0x00000007a5580000,0x00000007a5580000,0x00000007a6a00000)
  from space 3072K, 96% used [0x00000007a6d00000,0x00000007a6fe4040,0x00000007a7000000)
  to   space 3072K, 0% used [0x00000007a6a00000,0x00000007a6a00000,0x00000007a6d00000)
 ParOldGen       total 54784K, used 16K [0x0000000770000000, 0x0000000773580000, 0x00000007a5580000)
  object space 54784K, 0% used [0x0000000770000000,0x0000000770004000,0x0000000773580000)
 Metaspace       used 13231K, capacity 13682K, committed 13824K, reserved 1060864K
  class space    used 1802K, capacity 1925K, committed 2048K, reserved 1048576K
}
Event: 13.317 GC heap before
{Heap before GC invocations=3 (full 0):
 PSYoungGen      total 24064K, used 23952K [0x00000007a5580000, 0x00000007a7000000, 0x00000007c0000000)
  eden space 20992K, 100% used [0x00000007a5580000,0x00000007a6a00000,0x00000007a6a00000)
  from space 3072K, 96% used [0x00000007a6d00000,0x00000007a6fe4040,0x00000007a7000000)
  to   space 3072K, 0% used [0x00000007a6a00000,0x00000007a6a00000,0x00000007a6d00000)
 ParOldGen       total 54784K, used 16K [0x0000000770000000, 0x0000000773580000, 0x00000007a5580000)
  object space 54784K, 0% used [0x0000000770000000,0x0000000770004000,0x0000000773580000)
 Metaspace       used 13421K, capacity 13926K, committed 14080K, reserved 1060864K
  class space    used 1824K, capacity 1975K, committed 2048K, reserved 1048576K
Event: 13.378 GC heap after
Heap after GC invocations=3 (full 0):
 PSYoungGen      total 24064K, used 2960K [0x00000007a5580000, 0x00000007a8480000, 0x00000007c0000000)
  eden space 20992K, 0% used [0x00000007a5580000,0x00000007a5580000,0x00000007a6a00000)
  from space 3072K, 96% used [0x00000007a6a00000,0x00000007a6ce4060,0x00000007a6d00000)
  to   space 3072K, 0% used [0x00000007a8180000,0x00000007a8180000,0x00000007a8480000)
 ParOldGen       total 54784K, used 24K [0x0000000770000000, 0x0000000773580000, 0x00000007a5580000)
  object space 54784K, 0% used [0x0000000770000000,0x0000000770006000,0x0000000773580000)
 Metaspace       used 13421K, capacity 13926K, committed 14080K, reserved 1060864K
  class space    used 1824K, capacity 1975K, committed 2048K, reserved 1048576K
}

