# JRE version: Java(TM) SE Runtime Environment (8.0_151-b12) (build 1.8.0_151-b12)
# Java VM: Java HotSpot(TM) 64-Bit Server VM (25.151-b12 mixed mode bsd-amd64 compressed oops)
Heap:
 PSYoungGen      total 24064K, used 16563K [0x00000007a5580000, 0x00000007a7280000, 0x00000007c0000000)
  eden space 20480K, 80% used [0x00000007a5580000,0x00000007a659ce88,0x00000007a6980000)
  from space 3584K, 1% used [0x00000007a6f00000,0x00000007a6f10000,0x00000007a7280000)
  to   space 4608K, 0% used [0x00000007a6980000,0x00000007a6980000,0x00000007a6e00000)
 ParOldGen       total 54784K, used 3013K [0x0000000770000000, 0x0000000773580000, 0x00000007a5580000)
  object space 54784K, 5% used [0x0000000770000000,0x00000007702f17e8,0x0000000773580000)
 Metaspace       used 13789K, capacity 14344K, committed 14592K, reserved 1062912K
  class space    used 1840K, capacity 1988K, committed 2048K, reserved 1048576K
GC Heap History (10 events):
Event: 83.555 GC heap before
{Heap before GC invocations=10 (full 0):
 PSYoungGen      total 20992K, used 20512K [0x00000007a5580000, 0x00000007a7b80000, 0x00000007c0000000)
  eden space 20480K, 100% used [0x00000007a5580000,0x00000007a6980000,0x00000007a6980000)
  from space 512K, 6% used [0x00000007a7380000,0x00000007a7388000,0x00000007a7400000)
  to   space 4608K, 0% used [0x00000007a7700000,0x00000007a7700000,0x00000007a7b80000)
 ParOldGen       total 54784K, used 2989K [0x0000000770000000, 0x0000000773580000, 0x00000007a5580000)
  object space 54784K, 5% used [0x0000000770000000,0x00000007702eb7e8,0x0000000773580000)
 Metaspace       used 13740K, capacity 14288K, committed 14592K, reserved 1062912K
  class space    used 1831K, capacity 1976K, committed 2048K, reserved 1048576K
Event: 83.556 GC heap after
Heap after GC invocations=10 (full 0):
 PSYoungGen      total 20992K, used 64K [0x00000007a5580000, 0x00000007a7780000, 0x00000007c0000000)
  eden space 20480K, 0% used [0x00000007a5580000,0x00000007a5580000,0x00000007a6980000)
  from space 512K, 12% used [0x00000007a7700000,0x00000007a7710000,0x00000007a7780000)
  to   space 4608K, 0% used [0x00000007a6e80000,0x00000007a6e80000,0x00000007a7300000)
 ParOldGen       total 54784K, used 2997K [0x0000000770000000, 0x0000000773580000, 0x00000007a5580000)
  object space 54784K, 5% used [0x0000000770000000,0x00000007702ed7e8,0x0000000773580000)
 Metaspace       used 13740K, capacity 14288K, committed 14592K, reserved 1062912K
  class space    used 1831K, capacity 1976K, committed 2048K, reserved 1048576K
}
Event: 93.018 GC heap before
{Heap before GC invocations=11 (full 0):
 PSYoungGen      total 20992K, used 20544K [0x00000007a5580000, 0x00000007a7780000, 0x00000007c0000000)
  eden space 20480K, 100% used [0x00000007a5580000,0x00000007a6980000,0x00000007a6980000)
  from space 512K, 12% used [0x00000007a7700000,0x00000007a7710000,0x00000007a7780000)
  to   space 4608K, 0% used [0x00000007a6e80000,0x00000007a6e80000,0x00000007a7300000)
 ParOldGen       total 54784K, used 2997K [0x0000000770000000, 0x0000000773580000, 0x00000007a5580000)
  object space 54784K, 5% used [0x0000000770000000,0x00000007702ed7e8,0x0000000773580000)
 Metaspace       used 13740K, capacity 14288K, committed 14592K, reserved 1062912K
  class space    used 1831K, capacity 1976K, committed 2048K, reserved 1048576K
Event: 93.029 GC heap after
Heap after GC invocations=11 (full 0):
 PSYoungGen      total 25088K, used 64K [0x00000007a5580000, 0x00000007a7780000, 0x00000007c0000000)
  eden space 20480K, 0% used [0x00000007a5580000,0x00000007a5580000,0x00000007a6980000)
  from space 4608K, 1% used [0x00000007a6e80000,0x00000007a6e90000,0x00000007a7300000)
  to   space 4608K, 0% used [0x00000007a7300000,0x00000007a7300000,0x00000007a7780000)
 ParOldGen       total 54784K, used 3005K [0x0000000770000000, 0x0000000773580000, 0x00000007a5580000)
  object space 54784K, 5% used [0x0000000770000000,0x00000007702ef7e8,0x0000000773580000)
 Metaspace       used 13740K, capacity 14288K, committed 14592K, reserved 1062912K
  class space    used 1831K, capacity 1976K, committed 2048K, reserved 1048576K
}
Event: 102.585 GC heap before
{Heap before GC invocations=12 (full 0):
 PSYoungGen      total 25088K, used 20544K [0x00000007a5580000, 0x00000007a7780000, 0x00000007c0000000)
  eden space 20480K, 100% used [0x00000007a5580000,0x00000007a6980000,0x00000007a6980000)
  from space 4608K, 1% used [0x00000007a6e80000,0x00000007a6e90000,0x00000007a7300000)
  to   space 4608K, 0% used [0x00000007a7300000,0x00000007a7300000,0x00000007a7780000)
 ParOldGen       total 54784K, used 3005K [0x0000000770000000, 0x0000000773580000, 0x00000007a5580000)
  object space 54784K, 5% used [0x0000000770000000,0x00000007702ef7e8,0x0000000773580000)
 Metaspace       used 13740K, capacity 14288K, committed 14592K, reserved 1062912K
  class space    used 1831K, capacity 1976K, committed 2048K, reserved 1048576K
Event: 102.587 GC heap after
Heap after GC invocations=12 (full 0):
 PSYoungGen      total 20992K, used 64K [0x00000007a5580000, 0x00000007a7380000, 0x00000007c0000000)
  eden space 20480K, 0% used [0x00000007a5580000,0x00000007a5580000,0x00000007a6980000)
  from space 512K, 12% used [0x00000007a7300000,0x00000007a7310000,0x00000007a7380000)
  to   space 4608K, 0% used [0x00000007a6a80000,0x00000007a6a80000,0x00000007a6f00000)
 ParOldGen       total 54784K, used 3005K [0x0000000770000000, 0x0000000773580000, 0x00000007a5580000)
  object space 54784K, 5% used [0x0000000770000000,0x00000007702ef7e8,0x0000000773580000)
 Metaspace       used 13740K, capacity 14288K, committed 14592K, reserved 1062912K
  class space    used 1831K, capacity 1976K, committed 2048K, reserved 1048576K
}
Event: 112.046 GC heap before
{Heap before GC invocations=13 (full 0):
 PSYoungGen      total 20992K, used 20544K [0x00000007a5580000, 0x00000007a7380000, 0x00000007c0000000)
  eden space 20480K, 100% used [0x00000007a5580000,0x00000007a6980000,0x00000007a6980000)
  from space 512K, 12% used [0x00000007a7300000,0x00000007a7310000,0x00000007a7380000)
  to   space 4608K, 0% used [0x00000007a6a80000,0x00000007a6a80000,0x00000007a6f00000)
 ParOldGen       total 54784K, used 3005K [0x0000000770000000, 0x0000000773580000, 0x00000007a5580000)
  object space 54784K, 5% used [0x0000000770000000,0x00000007702ef7e8,0x0000000773580000)
 Metaspace       used 13740K, capacity 14288K, committed 14592K, reserved 1062912K
  class space    used 1831K, capacity 1976K, committed 2048K, reserved 1048576K
Event: 112.049 GC heap after
Heap after GC invocations=13 (full 0):
 PSYoungGen      total 25088K, used 32K [0x00000007a5580000, 0x00000007a7380000, 0x00000007c0000000)
  eden space 20480K, 0% used [0x00000007a5580000,0x00000007a5580000,0x00000007a6980000)
  from space 4608K, 0% used [0x00000007a6a80000,0x00000007a6a88000,0x00000007a6f00000)
  to   space 4608K, 0% used [0x00000007a6f00000,0x00000007a6f00000,0x00000007a7380000)
 ParOldGen       total 54784K, used 3005K [0x0000000770000000, 0x0000000773580000, 0x00000007a5580000)
  object space 54784K, 5% used [0x0000000770000000,0x00000007702ef7e8,0x0000000773580000)
 Metaspace       used 13740K, capacity 14288K, committed 14592K, reserved 1062912K
  class space    used 1831K, capacity 1976K, committed 2048K, reserved 1048576K
}
Event: 121.520 GC heap before
{Heap before GC invocations=14 (full 0):
 PSYoungGen      total 25088K, used 20512K [0x00000007a5580000, 0x00000007a7380000, 0x00000007c0000000)
  eden space 20480K, 100% used [0x00000007a5580000,0x00000007a6980000,0x00000007a6980000)
  from space 4608K, 0% used [0x00000007a6a80000,0x00000007a6a88000,0x00000007a6f00000)
  to   space 4608K, 0% used [0x00000007a6f00000,0x00000007a6f00000,0x00000007a7380000)
 ParOldGen       total 54784K, used 3005K [0x0000000770000000, 0x0000000773580000, 0x00000007a5580000)
  object space 54784K, 5% used [0x0000000770000000,0x00000007702ef7e8,0x0000000773580000)
 Metaspace       used 13740K, capacity 14288K, committed 14592K, reserved 1062912K
  class space    used 1831K, capacity 1976K, committed 2048K, reserved 1048576K
Event: 121.522 GC heap after
Heap after GC invocations=14 (full 0):
 PSYoungGen      total 24064K, used 64K [0x00000007a5580000, 0x00000007a7280000, 0x00000007c0000000)
  eden space 20480K, 0% used [0x00000007a5580000,0x00000007a5580000,0x00000007a6980000)
  from space 3584K, 1% used [0x00000007a6f00000,0x00000007a6f10000,0x00000007a7280000)
  to   space 4608K, 0% used [0x00000007a6980000,0x00000007a6980000,0x00000007a6e00000)
 ParOldGen       total 54784K, used 3013K [0x0000000770000000, 0x0000000773580000, 0x00000007a5580000)
  object space 54784K, 5% used [0x0000000770000000,0x00000007702f17e8,0x0000000773580000)
 Metaspace       used 13740K, capacity 14288K, committed 14592K, reserved 1062912K
  class space    used 1831K, capacity 1976K, committed 2048K, reserved 1048576K
}

