# JRE version: Java(TM) SE Runtime Environment (8.0_151-b12) (build 1.8.0_151-b12)
# Java VM: Java HotSpot(TM) 64-Bit Server VM (25.151-b12 mixed mode bsd-amd64 compressed oops)
Heap:
 PSYoungGen      total 24064K, used 20645K [0x00000007a5580000, 0x00000007a7000000, 0x00000007c0000000)
  eden space 20992K, 84% used [0x00000007a5580000,0x00000007a66c9498,0x00000007a6a00000)
  from space 3072K, 95% used [0x00000007a6a00000,0x00000007a6ce0050,0x00000007a6d00000)
  to   space 3072K, 0% used [0x00000007a6d00000,0x00000007a6d00000,0x00000007a7000000)
 ParOldGen       total 54784K, used 24K [0x0000000770000000, 0x0000000773580000, 0x00000007a5580000)
  object space 54784K, 0% used [0x0000000770000000,0x0000000770006000,0x0000000773580000)
 Metaspace       used 13669K, capacity 14186K, committed 14336K, reserved 1060864K
  class space    used 1834K, capacity 1987K, committed 2048K, reserved 1048576K
GC Heap History (6 events):
Event: 2.492 GC heap before
{Heap before GC invocations=1 (full 0):
 PSYoungGen      total 24064K, used 20992K [0x00000007a5580000, 0x00000007a7000000, 0x00000007c0000000)
  eden space 20992K, 100% used [0x00000007a5580000,0x00000007a6a00000,0x00000007a6a00000)
  from space 3072K, 0% used [0x00000007a6d00000,0x00000007a6d00000,0x00000007a7000000)
  to   space 3072K, 0% used [0x00000007a6a00000,0x00000007a6a00000,0x00000007a6d00000)
 ParOldGen       total 54784K, used 0K [0x0000000770000000, 0x0000000773580000, 0x00000007a5580000)
  object space 54784K, 0% used [0x0000000770000000,0x0000000770000000,0x0000000773580000)
 Metaspace       used 10540K, capacity 10902K, committed 11136K, reserved 1058816K
  class space    used 1290K, capacity 1391K, committed 1408K, reserved 1048576K
Event: 2.505 GC heap after
Heap after GC invocations=1 (full 0):
 PSYoungGen      total 24064K, used 2672K [0x00000007a5580000, 0x00000007a7000000, 0x00000007c0000000)
  eden space 20992K, 0% used [0x00000007a5580000,0x00000007a5580000,0x00000007a6a00000)
  from space 3072K, 86% used [0x00000007a6a00000,0x00000007a6c9c040,0x00000007a6d00000)
  to   space 3072K, 0% used [0x00000007a6d00000,0x00000007a6d00000,0x00000007a7000000)
 ParOldGen       total 54784K, used 8K [0x0000000770000000, 0x0000000773580000, 0x00000007a5580000)
  object space 54784K, 0% used [0x0000000770000000,0x0000000770002000,0x0000000773580000)
 Metaspace       used 10540K, capacity 10902K, committed 11136K, reserved 1058816K
  class space    used 1290K, capacity 1391K, committed 1408K, reserved 1048576K
}
Event: 5.487 GC heap before
{Heap before GC invocations=2 (full 0):
 PSYoungGen      total 24064K, used 23664K [0x00000007a5580000, 0x00000007a7000000, 0x00000007c0000000)
  eden space 20992K, 100% used [0x00000007a5580000,0x00000007a6a00000,0x00000007a6a00000)
  from space 3072K, 86% used [0x00000007a6a00000,0x00000007a6c9c040,0x00000007a6d00000)
  to   space 3072K, 0% used [0x00000007a6d00000,0x00000007a6d00000,0x00000007a7000000)
 ParOldGen       total 54784K, used 8K [0x0000000770000000, 0x0000000773580000, 0x00000007a5580000)
  object space 54784K, 0% used [0x0000000770000000,0x0000000770002000,0x0000000773580000)
 Metaspace       used 13229K, capacity 13690K, committed 13824K, reserved 1060864K
  class space    used 1803K, capacity 1925K, committed 2048K, reserved 1048576K
Event: 5.507 GC heap after
Heap after GC invocations=2 (full 0):
 PSYoungGen      total 24064K, used 2944K [0x00000007a5580000, 0x00000007a7000000, 0x00000007c0000000)
  eden space 20992K, 0% used [0x00000007a5580000,0x00000007a5580000,0x00000007a6a00000)
  from space 3072K, 95% used [0x00000007a6d00000,0x00000007a6fe0050,0x00000007a7000000)
  to   space 3072K, 0% used [0x00000007a6a00000,0x00000007a6a00000,0x00000007a6d00000)
 ParOldGen       total 54784K, used 16K [0x0000000770000000, 0x0000000773580000, 0x00000007a5580000)
  object space 54784K, 0% used [0x0000000770000000,0x0000000770004000,0x0000000773580000)
 Metaspace       used 13229K, capacity 13690K, committed 13824K, reserved 1060864K
  class space    used 1803K, capacity 1925K, committed 2048K, reserved 1048576K
}
Event: 9.299 GC heap before
{Heap before GC invocations=3 (full 0):
 PSYoungGen      total 24064K, used 23936K [0x00000007a5580000, 0x00000007a7000000, 0x00000007c0000000)
  eden space 20992K, 100% used [0x00000007a5580000,0x00000007a6a00000,0x00000007a6a00000)
  from space 3072K, 95% used [0x00000007a6d00000,0x00000007a6fe0050,0x00000007a7000000)
  to   space 3072K, 0% used [0x00000007a6a00000,0x00000007a6a00000,0x00000007a6d00000)
 ParOldGen       total 54784K, used 16K [0x0000000770000000, 0x0000000773580000, 0x00000007a5580000)
  object space 54784K, 0% used [0x0000000770000000,0x0000000770004000,0x0000000773580000)
 Metaspace       used 13487K, capacity 13998K, committed 14080K, reserved 1060864K
  class space    used 1825K, capacity 1975K, committed 2048K, reserved 1048576K
Event: 9.310 GC heap after
Heap after GC invocations=3 (full 0):
 PSYoungGen      total 24064K, used 2944K [0x00000007a5580000, 0x00000007a7000000, 0x00000007c0000000)
  eden space 20992K, 0% used [0x00000007a5580000,0x00000007a5580000,0x00000007a6a00000)
  from space 3072K, 95% used [0x00000007a6a00000,0x00000007a6ce0050,0x00000007a6d00000)
  to   space 3072K, 0% used [0x00000007a6d00000,0x00000007a6d00000,0x00000007a7000000)
 ParOldGen       total 54784K, used 24K [0x0000000770000000, 0x0000000773580000, 0x00000007a5580000)
  object space 54784K, 0% used [0x0000000770000000,0x0000000770006000,0x0000000773580000)
 Metaspace       used 13487K, capacity 13998K, committed 14080K, reserved 1060864K
  class space    used 1825K, capacity 1975K, committed 2048K, reserved 1048576K
}

